<?xml version="1.0" encoding="utf-8"?><testsuites><testsuite name="pytest" errors="0" failures="0" skipped="0" tests="52" time="1.485" timestamp="2022-03-22T11:13:51.870029" hostname="gnosis"><testcase classname="anndata.tests.test_io_elementwise" name="test_io_spec[h5-hello world-string0]" time="0.005" /><testcase classname="anndata.tests.test_io_elementwise" name="test_io_spec[h5-hello world-string1]" time="0.003" /><testcase classname="anndata.tests.test_io_elementwise" name="test_io_spec[h5-value2-array]" time="0.002" /><testcase classname="anndata.tests.test_io_elementwise" name="test_io_spec[h5-value3-string-array]" time="0.003" /><testcase classname="anndata.tests.test_io_elementwise" name="test_io_spec[h5-1-numeric-scalar]" time="0.002" /><testcase classname="anndata.tests.test_io_elementwise" name="test_io_spec[h5-True-numeric-scalar]" time="0.002" /><testcase classname="anndata.tests.test_io_elementwise" name="test_io_spec[h5-1.0-numeric-scalar]" time="0.002" /><testcase classname="anndata.tests.test_io_elementwise" name="test_io_spec[h5-value7-dict]" time="0.003" /><testcase classname="anndata.tests.test_io_elementwise" name="test_io_spec[h5-value8-anndata]" time="0.106" /><testcase classname="anndata.tests.test_io_elementwise" name="test_io_spec[h5-value9-csr_matrix]" time="0.003" /><testcase classname="anndata.tests.test_io_elementwise" name="test_io_spec[h5-value10-csc_matrix]" time="0.003" /><testcase classname="anndata.tests.test_io_elementwise" name="test_io_spec[h5-value11-dataframe]" time="0.005" /><testcase classname="anndata.tests.test_io_elementwise" name="test_io_spec[h5-value12-categorical]" time="0.004" /><testcase classname="anndata.tests.test_io_elementwise" name="test_io_spec[h5-value13-categorical]" time="0.004" /><testcase classname="anndata.tests.test_io_elementwise" name="test_io_spec[h5-value14-categorical]" time="0.004" /><testcase classname="anndata.tests.test_io_elementwise" name="test_io_spec[h5-value15-nullable-integer]" time="0.004" /><testcase classname="anndata.tests.test_io_elementwise" name="test_io_spec[h5-value16-nullable-integer]" time="0.003" /><testcase classname="anndata.tests.test_io_elementwise" name="test_io_spec[h5-value17-nullable-boolean]" time="0.004" /><testcase classname="anndata.tests.test_io_elementwise" name="test_io_spec[h5-value18-nullable-boolean]" time="0.003" /><testcase classname="anndata.tests.test_io_elementwise" name="test_io_spec[zarr-hello world-string0]" time="0.003" /><testcase classname="anndata.tests.test_io_elementwise" name="test_io_spec[zarr-hello world-string1]" time="0.002" /><testcase classname="anndata.tests.test_io_elementwise" name="test_io_spec[zarr-value2-array]" time="0.002" /><testcase classname="anndata.tests.test_io_elementwise" name="test_io_spec[zarr-value3-string-array]" time="0.002" /><testcase classname="anndata.tests.test_io_elementwise" name="test_io_spec[zarr-1-numeric-scalar]" time="0.002" /><testcase classname="anndata.tests.test_io_elementwise" name="test_io_spec[zarr-True-numeric-scalar]" time="0.002" /><testcase classname="anndata.tests.test_io_elementwise" name="test_io_spec[zarr-1.0-numeric-scalar]" time="0.002" /><testcase classname="anndata.tests.test_io_elementwise" name="test_io_spec[zarr-value7-dict]" time="0.003" /><testcase classname="anndata.tests.test_io_elementwise" name="test_io_spec[zarr-value8-anndata]" time="0.125" /><testcase classname="anndata.tests.test_io_elementwise" name="test_io_spec[zarr-value9-csr_matrix]" time="0.004" /><testcase classname="anndata.tests.test_io_elementwise" name="test_io_spec[zarr-value10-csc_matrix]" time="0.004" /><testcase classname="anndata.tests.test_io_elementwise" name="test_io_spec[zarr-value11-dataframe]" time="0.005" /><testcase classname="anndata.tests.test_io_elementwise" name="test_io_spec[zarr-value12-categorical]" time="0.005" /><testcase classname="anndata.tests.test_io_elementwise" name="test_io_spec[zarr-value13-categorical]" time="0.005" /><testcase classname="anndata.tests.test_io_elementwise" name="test_io_spec[zarr-value14-categorical]" time="0.004" /><testcase classname="anndata.tests.test_io_elementwise" name="test_io_spec[zarr-value15-nullable-integer]" time="0.004" /><testcase classname="anndata.tests.test_io_elementwise" name="test_io_spec[zarr-value16-nullable-integer]" time="0.004" /><testcase classname="anndata.tests.test_io_elementwise" name="test_io_spec[zarr-value17-nullable-boolean]" time="0.004" /><testcase classname="anndata.tests.test_io_elementwise" name="test_io_spec[zarr-value18-nullable-boolean]" time="0.004" /><testcase classname="anndata.tests.test_io_elementwise" name="test_io_spec_raw[h5]" time="0.153" /><testcase classname="anndata.tests.test_io_elementwise" name="test_io_spec_raw[zarr]" time="0.170" /><testcase classname="anndata.tests.test_io_elementwise" name="test_write_to_root[h5]" time="0.119" /><testcase classname="anndata.tests.test_io_elementwise" name="test_write_to_root[zarr]" time="0.127" /><testcase classname="anndata.tests.test_io_elementwise" name="test_read_io_error[h5-&lt;lambda&gt;-modifiers0-Unknown encoding type \u201cfloob\u201d]" time="0.062" /><testcase classname="anndata.tests.test_io_elementwise" name="test_read_io_error[h5-&lt;lambda&gt;-modifiers1-Unknown encoding version 10000\\.0]" time="0.062" /><testcase classname="anndata.tests.test_io_elementwise" name="test_read_io_error[h5-&lt;lambda&gt;-modifiers2-Unknown modifier set.+\\{'x'\\}]" time="0.061" /><testcase classname="anndata.tests.test_io_elementwise" name="test_read_io_error[zarr-&lt;lambda&gt;-modifiers0-Unknown encoding type \u201cfloob\u201d]" time="0.092" /><testcase classname="anndata.tests.test_io_elementwise" name="test_read_io_error[zarr-&lt;lambda&gt;-modifiers1-Unknown encoding version 10000\\.0]" time="0.117" /><testcase classname="anndata.tests.test_io_elementwise" name="test_read_io_error[zarr-&lt;lambda&gt;-modifiers2-Unknown modifier set.+\\{'x'\\}]" time="0.088" /><testcase classname="anndata.tests.test_io_elementwise" name="test_write_io_error[h5-x-modifiers0-Source type &lt;class 'bytes'&gt; not found for dest.*Group]" time="0.002" /><testcase classname="anndata.tests.test_io_elementwise" name="test_write_io_error[h5-obj1-modifiers1-Unknown modifier set.+\\{'x'\\}]" time="0.002" /><testcase classname="anndata.tests.test_io_elementwise" name="test_write_io_error[zarr-x-modifiers0-Source type &lt;class 'bytes'&gt; not found for dest.*Group]" time="0.001" /><testcase classname="anndata.tests.test_io_elementwise" name="test_write_io_error[zarr-obj1-modifiers1-Unknown modifier set.+\\{'x'\\}]" time="0.002" /></testsuite></testsuites>